[debug] [2023-02-23T03:23:16.356Z] ----------------------------------------------------------------------
[debug] [2023-02-23T03:23:16.361Z] Command:       C:\Program Files\nodejs\node.exe C:\Users\Darío\AppData\Roaming\npm\node_modules\firebase-tools\lib\bin\firebase.js deploy
[debug] [2023-02-23T03:23:16.363Z] CLI Version:   11.22.0
[debug] [2023-02-23T03:23:16.363Z] Platform:      win32
[debug] [2023-02-23T03:23:16.364Z] Node Version:  v18.13.0
[debug] [2023-02-23T03:23:16.366Z] Time:          Thu Feb 23 2023 00:23:16 GMT-0300 (hora estándar de Argentina)
[debug] [2023-02-23T03:23:16.367Z] ----------------------------------------------------------------------
[debug] 
[debug] [2023-02-23T03:23:16.522Z] > command requires scopes: ["email","openid","https://www.googleapis.com/auth/cloudplatformprojects.readonly","https://www.googleapis.com/auth/firebase","https://www.googleapis.com/auth/cloud-platform"]
[debug] [2023-02-23T03:23:16.523Z] > authorizing via signed-in user (dario.castillo@mi.unc.edu.ar)
[debug] [2023-02-23T03:23:16.523Z] [iam] checking project portafolio-dariocastillo11 for permissions ["firebase.projects.get","firebasehosting.sites.update"]
[debug] [2023-02-23T03:23:16.527Z] >>> [apiv2][query] POST https://cloudresourcemanager.googleapis.com/v1/projects/portafolio-dariocastillo11:testIamPermissions [none]
[debug] [2023-02-23T03:23:16.528Z] >>> [apiv2][(partial)header] POST https://cloudresourcemanager.googleapis.com/v1/projects/portafolio-dariocastillo11:testIamPermissions x-goog-quota-user=projects/portafolio-dariocastillo11
[debug] [2023-02-23T03:23:16.528Z] >>> [apiv2][body] POST https://cloudresourcemanager.googleapis.com/v1/projects/portafolio-dariocastillo11:testIamPermissions {"permissions":["firebase.projects.get","firebasehosting.sites.update"]}
[debug] [2023-02-23T03:23:18.057Z] <<< [apiv2][status] POST https://cloudresourcemanager.googleapis.com/v1/projects/portafolio-dariocastillo11:testIamPermissions 200
[debug] [2023-02-23T03:23:18.057Z] <<< [apiv2][body] POST https://cloudresourcemanager.googleapis.com/v1/projects/portafolio-dariocastillo11:testIamPermissions {"permissions":["firebase.projects.get","firebasehosting.sites.update"]}
[debug] [2023-02-23T03:23:18.061Z] >>> [apiv2][query] GET https://firebase.googleapis.com/v1beta1/projects/portafolio-dariocastillo11 [none]
[debug] [2023-02-23T03:23:20.141Z] <<< [apiv2][status] GET https://firebase.googleapis.com/v1beta1/projects/portafolio-dariocastillo11 200
[debug] [2023-02-23T03:23:20.142Z] <<< [apiv2][body] GET https://firebase.googleapis.com/v1beta1/projects/portafolio-dariocastillo11 {"projectId":"portafolio-dariocastillo11","projectNumber":"514230341201","displayName":"portafolio-dariocastillo11","name":"projects/portafolio-dariocastillo11","resources":{"hostingSite":"portafolio-dariocastillo11"},"state":"ACTIVE","etag":"1_dca5e7bf-ac10-4136-85cc-9e8b74f2a77d"}
[info] 
[info] === Deploying to 'portafolio-dariocastillo11'...
[info] 
[info] i  deploying hosting 
[debug] [2023-02-23T03:23:20.159Z] >>> [apiv2][query] POST https://firebasehosting.googleapis.com/v1beta1/projects/-/sites/portafolio-dariocastillo11/versions [none]
[debug] [2023-02-23T03:23:20.159Z] >>> [apiv2][body] POST https://firebasehosting.googleapis.com/v1beta1/projects/-/sites/portafolio-dariocastillo11/versions {"status":"CREATED","labels":{"deployment-tool":"cli-firebase"}}
[debug] [2023-02-23T03:23:22.120Z] <<< [apiv2][status] POST https://firebasehosting.googleapis.com/v1beta1/projects/-/sites/portafolio-dariocastillo11/versions 200
[debug] [2023-02-23T03:23:22.120Z] <<< [apiv2][body] POST https://firebasehosting.googleapis.com/v1beta1/projects/-/sites/portafolio-dariocastillo11/versions {"name":"projects/514230341201/sites/portafolio-dariocastillo11/versions/018a32e8b8553dde","status":"CREATED","config":{},"labels":{"deployment-tool":"cli-firebase"}}
[info] i  hosting[portafolio-dariocastillo11]: beginning deploy... 
[info] i  hosting[portafolio-dariocastillo11]: found 44 files in dist/angular 
[debug] [2023-02-23T03:23:22.179Z] [hosting] uploading with 200 concurrency
[debug] [2023-02-23T03:23:22.267Z] [hosting] hash cache [ZGlzdFxhbmd1bGFy] stored for 44 files
[debug] [2023-02-23T03:23:22.268Z] [hosting][hash queue][FINAL] {"max":76,"min":5,"avg":10.886363636363637,"active":0,"complete":44,"success":44,"errored":0,"retried":0,"total":44,"elapsed":85}
[debug] [2023-02-23T03:23:22.269Z] >>> [apiv2][query] POST https://firebasehosting.googleapis.com/v1beta1/projects/514230341201/sites/portafolio-dariocastillo11/versions/018a32e8b8553dde:populateFiles [none]
[debug] [2023-02-23T03:23:22.270Z] >>> [apiv2][body] POST https://firebasehosting.googleapis.com/v1beta1/projects/514230341201/sites/portafolio-dariocastillo11/versions/018a32e8b8553dde:populateFiles {"files":{"/assets/imagen/Angular.png":"75650255eca646884090a21302f247bab8d89350c0d90bdc14a7fcc7592d7c4c","/assets/imagen/arg programa.png":"089a3d51c778887182594dad8163233249aa4fd49e890bac72857483cfadecfa\r","/assets/imagen/Bootstrap.png":"de1c71efd4cd4a00bbc93a30dc2b8b832d144d07e0626cca903809dc9f731b8d","/assets/imagen/c++.png":"a3ea1adf88beaf9dfa630bfd5c28809c45626e84d97b0bd055ec262e78b79a1e","/assets/imagen/cope.png":"630bb1da820284e88a3a00d495802af7279ed8b4a6ba60d9b3a3d41a744e7239\r","/assets/imagen/css.png":"549ba0086f8ab913420a041fb885c347f92b7b92ae71a7cb30d7ffca1ccaed42\r","/assets/imagen/Dario.jpg":"466c1de1f0916f0e4c9a5bb413dffd28840f4b27a75d37e2d68f39aeb0d94cc3\r","/assets/imagen/dariomont.png":"8abdecad3b53079dd22ca707346d0e8fcf3483ee284cc273a472a8acce38b260\r","/assets/imagen/descarga.png":"ee139221e55293e749bc319585090738256d7334e560840160c47e44ef096425\r","/assets/imagen/dracaris Logo 1_Mesa de trabajo 1.png":"dcf254e36a3c224fb438c2a722f01cc2b76f6fcb4a133bda5b13a9c471243a40\r","/assets/imagen/dracaris Logo5.png":"e093ca31b0e31b84adbee47be3d5c34cf28a8080cdb641d416f10b925daf2806\r","/assets/imagen/face.png":"32ce20d44218f75549ac2fa3a6220e5eda16c8ddcc5b79f0da236b3d97e42533\r","/assets/imagen/fcefyn.jpg":"462d5db1656c26013bd8d4cf2ca28e911c4323ef42cfb4fc3bd887d52adcb68c\r","/assets/imagen/fcefyn2.jpeg":"e09267bd2ec10e941511a9acaaa2e3f1226a122260b5f6c43ef0eb0e1b5bfef0\r","/assets/imagen/fcfyn3.jpg":"14a5ea96ed51eb6d4ab557b3d38d04081bb98d4b10c44f25ff95bf04f07b4747\r","/assets/imagen/github.png":"b0dd5391c2f7bb1c81202e36ceb9681e36066d37f7d134c067f94ae7bf58625f","/assets/imagen/godot.png":"d6a9b6ea43f2fe6876444333fd20a2182cc5f711b421de8a4a5092a5ed83beed","/assets/imagen/html.png":"768b496ed6d8d861d5eeed7d047da73441f3a5b3638adbbfcd73b0109bceead8\r","/assets/imagen/instagram.jpg":"c32036bea54569e3843ca8e5b2e23b1d4a6f9539e9d28a67437861b8abee6457\r","/assets/imagen/java.png":"362d4a22f4c0180a3ecc64a250cd3694ad02266ce6e223aa72f44fdc7de187d6\r","/assets/imagen/linkedin.png":"d3adc8a026ad539eef9003d7062c5774cd2071ada40c38da4f665d81d02bb8c2\r","/assets/imagen/login.png":"31830a05db85ee30e16e69976370f575a802e66b58283b05a63232f76df54115\r","/assets/imagen/mont.jpg":"578f79ab484f836b6bf083950975d29556263ba754c51e2eb9bafee72c990982\r","/assets/imagen/proyecto1.jpg":"0195b5b69e4a8d1154651c1c81d9e4aeb9606b4903172b986fe93aa019c5fa65","/assets/imagen/robot.png":"37ab280cc05c59b281cae44eba093774abb7387481672f29a4f7cce009a27cdb","/assets/imagen/sevelec.png":"d61a33239233fa5fcd8e09e8ed0cebda60d8a11cf7c23fe78603da47e9581e1b\r","/assets/imagen/twiter.png":"e189f95b240c5dc941636efb7958523825894217bd4884d0ab5556feddbf4855\r","/assets/imagen/Typescript.png":"13f7f47c664feb80b00435605a480ff3b9b35213e369192d95f92148f0cefd65","/assets/imagen/unc.png":"94f5d0454764b16be09baaadb33384dff46d4ba8888a2a894d2b831f9f5f36aa\r","/assets/imagen/volver.jpg":"6444fae9cdbd45b9404f83ca405684c5dc6b69d7cc4d579f892570b77bbf86f3\r","/assets/imagen/wolfpack.png":"1bc9e8567c0d7c406486fb44afcfb406a7d018976dc58f78a95a549269a1c73b\r","/assets/imagen/favicon/android-chrome-192x192.png":"c1c6a5f37b701458bcac30f7a58b58251e9ef164d0211349d45135612de42ce8\r","/assets/imagen/favicon/android-chrome-512x512.png":"fea5bc13f39374a2ae8fdea414b03a8be60aba903ef5f4c1437ac585fa3cdc79\r","/assets/imagen/favicon/apple-touch-icon.png":"8d8a02b8032f794ebe25a58416d9b1210a25f9acaa6685068406079e4003151b\r","/assets/imagen/favicon/favicon-16x16.png":"0f1d392aeb6e961c310e538d6d25be5bb0a90058cb62416e1ce4edf7a4f4ecf3\r","/assets/imagen/favicon/favicon-32x32.png":"e608f825abd796d985ef44a9aee1d0b8011ee8ebcff972d2784ddc92b3de2e4d\r","/assets/imagen/favicon/favicon.ico":"7a7eb13544e0772e4990bd2ad581ced89d8ab06a3f475acc9d408279ccdfb0e0\r","/assets/imagen/favicon/site.webmanifest":"378695d4af8bdaf357a5e2404faa02cc43fde62b92e2cb35f19e143dea1a1816\r","/index.html":"35b731aaaadae48e9d83ab86c0db96942dcd83f95c52e2cccf6958a2d3ee664a","/3rdpartylicenses.txt":"e6d3169087982e2536905bdeed7b8531fc4d5565c8e7c90fdb981e43e2b9208c","/polyfills.4b5cc2946de48dc1.js":"8ecf825624c793dd5ebab8252d195b4c24c01c3c2e856a2ea5f104b23c42a2ae","/runtime.f3cc930729914d15.js":"06f9ee612c0db2537aa8dbcaec0ba0d07daf0e8d56f3a02593c2c25bd585fdc3","/styles.6b26bbc2e601feef.css":"079a77cd438012f6365778216c169bdeb858119181c608ae607156a6a418cd36","/main.fbac8e161e5eea49.js":"ad24d510ea6976ce40156060cafa25569ed7af40f956f4bda148d66dcc124c22"}}
[debug] [2023-02-23T03:23:27.846Z] <<< [apiv2][status] POST https://firebasehosting.googleapis.com/v1beta1/projects/514230341201/sites/portafolio-dariocastillo11/versions/018a32e8b8553dde:populateFiles 200
[debug] [2023-02-23T03:23:27.846Z] <<< [apiv2][body] POST https://firebasehosting.googleapis.com/v1beta1/projects/514230341201/sites/portafolio-dariocastillo11/versions/018a32e8b8553dde:populateFiles {"uploadRequiredHashes":["ad24d510ea6976ce40156060cafa25569ed7af40f956f4bda148d66dcc124c22"],"uploadUrl":"https://upload-firebasehosting.googleapis.com/upload/sites/portafolio-dariocastillo11/versions/018a32e8b8553dde/files"}
[debug] [2023-02-23T03:23:27.848Z] >>> [apiv2][query] POST https://upload-firebasehosting.googleapis.com/upload/sites/portafolio-dariocastillo11/versions/018a32e8b8553dde/files/ad24d510ea6976ce40156060cafa25569ed7af40f956f4bda148d66dcc124c22 [none]
[debug] [2023-02-23T03:23:27.848Z] >>> [apiv2][body] POST https://upload-firebasehosting.googleapis.com/upload/sites/portafolio-dariocastillo11/versions/018a32e8b8553dde/files/ad24d510ea6976ce40156060cafa25569ed7af40f956f4bda148d66dcc124c22 [stream]
[debug] [2023-02-23T03:23:27.850Z] [hosting][populate queue][FINAL] {"max":5583,"min":5583,"avg":5583,"active":0,"complete":1,"success":1,"errored":0,"retried":0,"total":1,"elapsed":5585}
[debug] [2023-02-23T03:23:27.850Z] [hosting] uploads queued: 1
[debug] [2023-02-23T03:23:58.253Z] [uploadQueue] Retrying task ad24d510ea6976ce40156060cafa25569ed7af40f956f4bda148d66dcc124c22
[debug] [2023-02-23T03:23:58.255Z] >>> [apiv2][query] POST https://upload-firebasehosting.googleapis.com/upload/sites/portafolio-dariocastillo11/versions/018a32e8b8553dde/files/ad24d510ea6976ce40156060cafa25569ed7af40f956f4bda148d66dcc124c22 [none]
[debug] [2023-02-23T03:23:58.255Z] >>> [apiv2][body] POST https://upload-firebasehosting.googleapis.com/upload/sites/portafolio-dariocastillo11/versions/018a32e8b8553dde/files/ad24d510ea6976ce40156060cafa25569ed7af40f956f4bda148d66dcc124c22 [stream]
[debug] [2023-02-23T03:24:29.064Z] [uploadQueue] Retrying task ad24d510ea6976ce40156060cafa25569ed7af40f956f4bda148d66dcc124c22
[debug] [2023-02-23T03:24:29.065Z] >>> [apiv2][query] POST https://upload-firebasehosting.googleapis.com/upload/sites/portafolio-dariocastillo11/versions/018a32e8b8553dde/files/ad24d510ea6976ce40156060cafa25569ed7af40f956f4bda148d66dcc124c22 [none]
[debug] [2023-02-23T03:24:29.066Z] >>> [apiv2][body] POST https://upload-firebasehosting.googleapis.com/upload/sites/portafolio-dariocastillo11/versions/018a32e8b8553dde/files/ad24d510ea6976ce40156060cafa25569ed7af40f956f4bda148d66dcc124c22 [stream]
[debug] [2023-02-23T03:24:41.155Z] [uploadQueue] Retrying task ad24d510ea6976ce40156060cafa25569ed7af40f956f4bda148d66dcc124c22
[debug] [2023-02-23T03:24:41.156Z] >>> [apiv2][query] POST https://upload-firebasehosting.googleapis.com/upload/sites/portafolio-dariocastillo11/versions/018a32e8b8553dde/files/ad24d510ea6976ce40156060cafa25569ed7af40f956f4bda148d66dcc124c22 [none]
[debug] [2023-02-23T03:24:41.156Z] >>> [apiv2][body] POST https://upload-firebasehosting.googleapis.com/upload/sites/portafolio-dariocastillo11/versions/018a32e8b8553dde/files/ad24d510ea6976ce40156060cafa25569ed7af40f956f4bda148d66dcc124c22 [stream]
[debug] [2023-02-23T03:25:14.375Z] [uploadQueue] Retrying task ad24d510ea6976ce40156060cafa25569ed7af40f956f4bda148d66dcc124c22
[debug] [2023-02-23T03:25:14.377Z] >>> [apiv2][query] POST https://upload-firebasehosting.googleapis.com/upload/sites/portafolio-dariocastillo11/versions/018a32e8b8553dde/files/ad24d510ea6976ce40156060cafa25569ed7af40f956f4bda148d66dcc124c22 [none]
[debug] [2023-02-23T03:25:14.377Z] >>> [apiv2][body] POST https://upload-firebasehosting.googleapis.com/upload/sites/portafolio-dariocastillo11/versions/018a32e8b8553dde/files/ad24d510ea6976ce40156060cafa25569ed7af40f956f4bda148d66dcc124c22 [stream]
[debug] [2023-02-23T03:25:50.798Z] [uploadQueue] Retrying task ad24d510ea6976ce40156060cafa25569ed7af40f956f4bda148d66dcc124c22
[debug] [2023-02-23T03:25:50.805Z] >>> [apiv2][query] POST https://upload-firebasehosting.googleapis.com/upload/sites/portafolio-dariocastillo11/versions/018a32e8b8553dde/files/ad24d510ea6976ce40156060cafa25569ed7af40f956f4bda148d66dcc124c22 [none]
[debug] [2023-02-23T03:25:50.806Z] >>> [apiv2][body] POST https://upload-firebasehosting.googleapis.com/upload/sites/portafolio-dariocastillo11/versions/018a32e8b8553dde/files/ad24d510ea6976ce40156060cafa25569ed7af40f956f4bda148d66dcc124c22 [stream]
[debug] Task ad24d510ea6976ce40156060cafa25569ed7af40f956f4bda148d66dcc124c22 failed: retries exhausted after 6 attempts, with error: Timeout reached making request to https://upload-firebasehosting.googleapis.com/upload/sites/portafolio-dariocastillo11/versions/018a32e8b8553dde/files/ad24d510ea6976ce40156060cafa25569ed7af40f956f4bda148d66dcc124c22
[debug] [2023-02-23T03:26:20.813Z] [hosting][upload queue][FINAL] {"max":0,"min":9999999999,"avg":0,"active":0,"complete":1,"success":0,"errored":1,"retried":5,"total":1,"elapsed":172966}
[debug] [2023-02-23T03:26:25.841Z] Error: Timed out.
    at Timeout._onTimeout (C:\Users\Darío\AppData\Roaming\npm\node_modules\firebase-tools\lib\utils.js:253:49)
    at listOnTimeout (node:internal/timers:564:17)
    at process.processTimers (node:internal/timers:507:7)
[error] 
[error] Error: An unexpected error has occurred.
